<?xml version="1.0" encoding="UTF-8"?>
<testsuite name="com.ait.tests.LoginTest" tests="1" skipped="0" failures="0" errors="0" timestamp="2023-04-17T16:30:24" hostname="DESKTOP-5TFRG45" time="0.48">
  <properties/>
  <testcase name="loginRegisteredUserPositiveTest" classname="com.ait.tests.LoginTest" time="0.48"/>
  <system-out><![CDATA[19:30:14.018 [Test worker] INFO  com.ait.tests.TestBase -- Start test loginRegisteredUserPositiveTestwith data: []
19:30:24.567 [Test worker] INFO  com.ait.tests.TestBase -- PASSEDloginRegisteredUserPositiveTest
19:30:24.567 [Test worker] INFO  com.ait.tests.TestBase -- ==========================================
]]></system-out>
  <system-err><![CDATA[]]></system-err>
</testsuite>
